 imgProxy Skipped - Image is already present locally 
 edgeRuntime Skipped - Image is already present locally 
 studio Skipped - Image is already present locally 
 pgmeta Skipped - Image is already present locally 
 analytics Skipped - Image is already present locally 
 vector Skipped - Image is already present locally 
 db Skipped - Image is already present locally 
 gateway Skipped - Image is already present locally 
 api Skipped - Image is already present locally 
 mailpit Skipped - Image is already present locally 
 realtime Skipped - Image is already present locally 
 auth Skipped - Image is already present locally 
 storage Skipped - Image is already present locally 
Starting database...
Initialising schema...
Seeding globals from roles.sql...
Applying migration 001_initial_schema.sql...
Applying migration 002_rls_policies.sql...
Applying migration 003_fdw_sqlserver.sql...
Stopping containers...
ERROR: could not connect to server "mssql_server" (SQLSTATE 08001)                       
could not translate host name "your-sqlserver-host" to address: Name or service not known
At statement: 4                                                                          
-- Create index for better FDW performance                                               
-- Note: FDW indexes are limited - use Postgres-side caching when possible               
                                                                                         
-- ============ MATERIALIZED VIEW FOR CACHING ============                               
-- Cache frequently accessed data from SQL Server locally                                
                                                                                         
CREATE MATERIALIZED VIEW IF NOT EXISTS questions_with_history AS                         
SELECT                                                                                   
    q.id,                                                                                
    q.question_text,                                                                     
    q.part,                                                                              
    COUNT(eqh.question_id) as times_used,                                                
    AVG(CASE WHEN a.overall_band >= 7.0 THEN 1 ELSE 0 END) as success_rate               
FROM questions q                                                                         
LEFT JOIN exam_questions_history eqh ON q.question_text ILIKE eqh.question_text          
LEFT JOIN assessments a ON q.id = a.question_id                                          
GROUP BY q.id                                                                            
Try rerunning the command with --debug to troubleshoot the error.
